<?xml version="1.0" encoding="UTF-8"?>
<!-- Generated by org.testng.reporters.JUnitXMLReporter -->
<testsuite hostname="Charlies-MacBook-Pro.local" ignored="0" name="BasicSearchChrome3" tests="1" failures="1" timestamp="15 Dec 2016 09:51:34 GMT" time="14.942" errors="0">
  <testcase name="feature" time="10.55" classname="cucumber.api.testng.AbstractTestNGCucumberTests">
    <failure type="cucumber.runtime.CucumberException" message="org.junit.ComparisonFailure: expected:&amp;lt;BrowserStack[ - Google Search]&amp;gt; but was:&amp;lt;BrowserStack[BrowserStackBrowserStack - Google zoeken]&amp;gt;">
      <![CDATA[cucumber.runtime.CucumberException: org.junit.ComparisonFailure: expected:<BrowserStack[ - Google Search]> but was:<BrowserStack[BrowserStackBrowserStack - Google zoeken]>
	at cucumber.api.testng.TestNGCucumberRunner.runCucumber(TestNGCucumberRunner.java:69)
	at cucumber.api.testng.AbstractTestNGCucumberTests.feature(AbstractTestNGCucumberTests.java:21)
	at java.util.concurrent.FutureTask.run(FutureTask.java:266)
	at java.util.concurrent.ThreadPoolExecutor.runWorker(ThreadPoolExecutor.java:1142)
	at java.util.concurrent.ThreadPoolExecutor$Worker.run(ThreadPoolExecutor.java:617)
	at java.lang.Thread.run(Thread.java:745)
Caused by: org.junit.ComparisonFailure: expected:<BrowserStack[ - Google Search]> but was:<BrowserStack[BrowserStackBrowserStack - Google zoeken]>
	at org.junit.Assert.assertEquals(Assert.java:115)
	at org.junit.Assert.assertEquals(Assert.java:144)
	at com.browserstack.steps.BasicSearch.I_should_see_the_title(BasicSearch.java:62)
	at âœ½.Then I should see the title "BrowserStack - Google Search"(src/test/resources/features/BasicSearch.feature:10)
... Removed 16 stack frames]]>
    </failure>
  </testcase> <!-- feature -->
</testsuite> <!-- BasicSearchChrome3 -->
